<?xml version="1.0" encoding="UTF-8"?><testsuite failures="6" name="cucumber.runtime.formatter.JUnitFormatter" skipped="0" tests="16" time="221.217454">
<testcase classname="User Login Validation" name="Verifying User Login with Valid Credentials" time="17.655972">
<system-out><![CDATA[Given User Navigates to IMSHealth Login Page................................passed
When User Enters valid username and password................................passed
And Click sign-in...........................................................passed
Then Home page should be displayed..........................................passed
]]></system-out>
</testcase>
<testcase classname="User search validation and creating a new user" name="Verifying User Login with Valid Credentials" time="4.191046">
<system-out><![CDATA[Given User Navigates to IMSHealth Login Page................................passed
When User Enters valid username and password................................passed
And Click sign-in...........................................................passed
Then Home page should be displayed..........................................passed
]]></system-out>
</testcase>
<testcase classname="User search validation and creating a new user" name="Application should be able to navigate to Search user page" time="4.71905">
<system-out><![CDATA[Given User Navigates to Manage Panel........................................passed
And User clicks on User link................................................passed
Then User search screen should be displayed.................................passed
]]></system-out>
</testcase>
<testcase classname="User search validation and creating a new user" name="Application should be able to search users" time="3.748544">
<system-out><![CDATA[Given Application user is on  search user page..............................passed
When Select "India" from the Country drop down..............................passed
And Click search button.....................................................passed
Then Search results should be displayed.....................................passed
And Validate search results are from the selected country...................passed
]]></system-out>
</testcase>
<testcase classname="User search validation and creating a new user" name="Application should be able to search users 2" time="3.571283">
<system-out><![CDATA[Given Application user is on  search user page..............................passed
When Select "Japan" from the Country drop down..............................passed
And Click search button.....................................................passed
Then Search results should be displayed.....................................passed
And Validate search results are from the selected country...................passed
]]></system-out>
</testcase>
<testcase classname="User search validation and creating a new user" name="Application should be able to search users 3" time="3.582755">
<system-out><![CDATA[Given Application user is on  search user page..............................passed
When Select "Ireland" from the Country drop down............................passed
And Click search button.....................................................passed
Then Search results should be displayed.....................................passed
And Validate search results are from the selected country...................passed
]]></system-out>
</testcase>
<testcase classname="User search validation and creating a new user" name="Create user and validate with Database that user got created" time="45.090591">
<failure message="org.openqa.selenium.NoSuchElementException: no such element: Unable to locate element: {&quot;method&quot;:&quot;css selector&quot;,&quot;selector&quot;:&quot;.label.label-ims.ng-binding&quot;}&#10;  (Session info: chrome=54.0.2840.99)&#10;  (Driver info: chromedriver=2.24.417431 (9aea000394714d2fbb20850021f6204f2256b9cf),platform=Windows NT 6.1.7601 SP1 x86_64) (WARNING: The server did not provide any stacktrace information)&#10;Command duration or timeout: 30.68 seconds&#10;For documentation on this error, please visit: http://seleniumhq.org/exceptions/no_such_element.html&#10;Build info: version: '2.53.1', revision: 'a36b8b1cd5757287168e54b817830adce9b0158d', time: '2016-06-30 19:26:09'&#10;System info: host: 'BLRW3003539', ip: '10.205.51.164', os.name: 'Windows 7', os.arch: 'amd64', os.version: '6.1', java.version: '1.8.0_77'&#10;Driver info: org.openqa.selenium.chrome.ChromeDriver&#10;Capabilities [{applicationCacheEnabled=false, rotatable=false, mobileEmulationEnabled=false, networkConnectionEnabled=false, chrome={chromedriverVersion=2.24.417431 (9aea000394714d2fbb20850021f6204f2256b9cf), userDataDir=C:\Users\ICHOWD~1\AppData\Local\Temp\scoped_dir8404_11784}, takesHeapSnapshot=true, pageLoadStrategy=normal, databaseEnabled=false, handlesAlerts=true, hasTouchScreen=false, version=54.0.2840.99, platform=XP, browserConnectionEnabled=false, nativeEvents=true, acceptSslCerts=true, locationContextEnabled=true, webStorageEnabled=true, browserName=chrome, takesScreenshot=true, javascriptEnabled=true, cssSelectorsEnabled=true}]&#10;Session ID: ec508a0e82349a98344a1be97eed8602&#10;*** Element info: {Using=css selector, value=.label.label-ims.ng-binding}&#13;&#10;&#9;at sun.reflect.NativeConstructorAccessorImpl.newInstance0(Native Method)&#13;&#10;&#9;at sun.reflect.NativeConstructorAccessorImpl.newInstance(NativeConstructorAccessorImpl.java:62)&#13;&#10;&#9;at sun.reflect.DelegatingConstructorAccessorImpl.newInstance(DelegatingConstructorAccessorImpl.java:45)&#13;&#10;&#9;at java.lang.reflect.Constructor.newInstance(Constructor.java:423)&#13;&#10;&#9;at org.openqa.selenium.remote.ErrorHandler.createThrowable(ErrorHandler.java:206)&#13;&#10;&#9;at org.openqa.selenium.remote.ErrorHandler.throwIfResponseFailed(ErrorHandler.java:158)&#13;&#10;&#9;at org.openqa.selenium.remote.RemoteWebDriver.execute(RemoteWebDriver.java:678)&#13;&#10;&#9;at org.openqa.selenium.remote.RemoteWebDriver.findElement(RemoteWebDriver.java:363)&#13;&#10;&#9;at org.openqa.selenium.remote.RemoteWebDriver.findElementByCssSelector(RemoteWebDriver.java:492)&#13;&#10;&#9;at org.openqa.selenium.By$ByCssSelector.findElement(By.java:430)&#13;&#10;&#9;at org.openqa.selenium.remote.RemoteWebDriver.findElement(RemoteWebDriver.java:355)&#13;&#10;&#9;at org.openqa.selenium.support.pagefactory.DefaultElementLocator.findElement(DefaultElementLocator.java:69)&#13;&#10;&#9;at org.openqa.selenium.support.pagefactory.internal.LocatingElementHandler.invoke(LocatingElementHandler.java:38)&#13;&#10;&#9;at com.sun.proxy.$Proxy18.getText(Unknown Source)&#13;&#10;&#9;at com.dca.objects.CreateUser_Page.setGetID(CreateUser_Page.java:177)&#13;&#10;&#9;at com.dca.stepDefinitions.User_Test.validate_the_created_user_in_the_backend(User_Test.java:109)&#13;&#10;&#9;at âœ½.And Validate the created user in the backend((2)User.feature:42)&#13;&#10;"><![CDATA[Given Application user is on  search user page..............................passed
And Click on Add+ button to create new user.................................passed
Then Create user page appears...............................................passed
And Enter the "Test User1","Demo","India","Test User Address1","Bangalore"and"563210" of Address Tab.passed
And Select "Email Address" with contact "test1@mail.com" of Contact Tab.....passed
And Enter "IMSTest" and select the "Business Contact" of Roles Tab..........passed
Then Click on Save Button...................................................passed
And Validate the created user in the backend................................failed

StackTrace:
org.openqa.selenium.NoSuchElementException: no such element: Unable to locate element: {"method":"css selector","selector":".label.label-ims.ng-binding"}
  (Session info: chrome=54.0.2840.99)
  (Driver info: chromedriver=2.24.417431 (9aea000394714d2fbb20850021f6204f2256b9cf),platform=Windows NT 6.1.7601 SP1 x86_64) (WARNING: The server did not provide any stacktrace information)
Command duration or timeout: 30.68 seconds
For documentation on this error, please visit: http://seleniumhq.org/exceptions/no_such_element.html
Build info: version: '2.53.1', revision: 'a36b8b1cd5757287168e54b817830adce9b0158d', time: '2016-06-30 19:26:09'
System info: host: 'BLRW3003539', ip: '10.205.51.164', os.name: 'Windows 7', os.arch: 'amd64', os.version: '6.1', java.version: '1.8.0_77'
Driver info: org.openqa.selenium.chrome.ChromeDriver
Capabilities [{applicationCacheEnabled=false, rotatable=false, mobileEmulationEnabled=false, networkConnectionEnabled=false, chrome={chromedriverVersion=2.24.417431 (9aea000394714d2fbb20850021f6204f2256b9cf), userDataDir=C:\Users\ICHOWD~1\AppData\Local\Temp\scoped_dir8404_11784}, takesHeapSnapshot=true, pageLoadStrategy=normal, databaseEnabled=false, handlesAlerts=true, hasTouchScreen=false, version=54.0.2840.99, platform=XP, browserConnectionEnabled=false, nativeEvents=true, acceptSslCerts=true, locationContextEnabled=true, webStorageEnabled=true, browserName=chrome, takesScreenshot=true, javascriptEnabled=true, cssSelectorsEnabled=true}]
Session ID: ec508a0e82349a98344a1be97eed8602
*** Element info: {Using=css selector, value=.label.label-ims.ng-binding}
	at sun.reflect.NativeConstructorAccessorImpl.newInstance0(Native Method)
	at sun.reflect.NativeConstructorAccessorImpl.newInstance(NativeConstructorAccessorImpl.java:62)
	at sun.reflect.DelegatingConstructorAccessorImpl.newInstance(DelegatingConstructorAccessorImpl.java:45)
	at java.lang.reflect.Constructor.newInstance(Constructor.java:423)
	at org.openqa.selenium.remote.ErrorHandler.createThrowable(ErrorHandler.java:206)
	at org.openqa.selenium.remote.ErrorHandler.throwIfResponseFailed(ErrorHandler.java:158)
	at org.openqa.selenium.remote.RemoteWebDriver.execute(RemoteWebDriver.java:678)
	at org.openqa.selenium.remote.RemoteWebDriver.findElement(RemoteWebDriver.java:363)
	at org.openqa.selenium.remote.RemoteWebDriver.findElementByCssSelector(RemoteWebDriver.java:492)
	at org.openqa.selenium.By$ByCssSelector.findElement(By.java:430)
	at org.openqa.selenium.remote.RemoteWebDriver.findElement(RemoteWebDriver.java:355)
	at org.openqa.selenium.support.pagefactory.DefaultElementLocator.findElement(DefaultElementLocator.java:69)
	at org.openqa.selenium.support.pagefactory.internal.LocatingElementHandler.invoke(LocatingElementHandler.java:38)
	at com.sun.proxy.$Proxy18.getText(Unknown Source)
	at com.dca.objects.CreateUser_Page.setGetID(CreateUser_Page.java:177)
	at com.dca.stepDefinitions.User_Test.validate_the_created_user_in_the_backend(User_Test.java:109)
	at âœ½.And Validate the created user in the backend((2)User.feature:42)
]]></failure>
</testcase>
<testcase classname="User search validation and creating a new user" name="Create user and validate with Database that user got created 2" time="30.034707">
<failure message="org.openqa.selenium.NoSuchElementException: no such element: Unable to locate element: {&quot;method&quot;:&quot;xpath&quot;,&quot;selector&quot;:&quot;//translate[text()='Add']&quot;}&#10;  (Session info: chrome=54.0.2840.99)&#10;  (Driver info: chromedriver=2.24.417431 (9aea000394714d2fbb20850021f6204f2256b9cf),platform=Windows NT 6.1.7601 SP1 x86_64) (WARNING: The server did not provide any stacktrace information)&#10;Command duration or timeout: 30.03 seconds&#10;For documentation on this error, please visit: http://seleniumhq.org/exceptions/no_such_element.html&#10;Build info: version: '2.53.1', revision: 'a36b8b1cd5757287168e54b817830adce9b0158d', time: '2016-06-30 19:26:09'&#10;System info: host: 'BLRW3003539', ip: '10.205.51.164', os.name: 'Windows 7', os.arch: 'amd64', os.version: '6.1', java.version: '1.8.0_77'&#10;Driver info: org.openqa.selenium.chrome.ChromeDriver&#10;Capabilities [{applicationCacheEnabled=false, rotatable=false, mobileEmulationEnabled=false, networkConnectionEnabled=false, chrome={chromedriverVersion=2.24.417431 (9aea000394714d2fbb20850021f6204f2256b9cf), userDataDir=C:\Users\ICHOWD~1\AppData\Local\Temp\scoped_dir8404_11784}, takesHeapSnapshot=true, pageLoadStrategy=normal, databaseEnabled=false, handlesAlerts=true, hasTouchScreen=false, version=54.0.2840.99, platform=XP, browserConnectionEnabled=false, nativeEvents=true, acceptSslCerts=true, locationContextEnabled=true, webStorageEnabled=true, browserName=chrome, takesScreenshot=true, javascriptEnabled=true, cssSelectorsEnabled=true}]&#10;Session ID: ec508a0e82349a98344a1be97eed8602&#10;*** Element info: {Using=xpath, value=//translate[text()='Add']}&#13;&#10;&#9;at sun.reflect.NativeConstructorAccessorImpl.newInstance0(Native Method)&#13;&#10;&#9;at sun.reflect.NativeConstructorAccessorImpl.newInstance(NativeConstructorAccessorImpl.java:62)&#13;&#10;&#9;at sun.reflect.DelegatingConstructorAccessorImpl.newInstance(DelegatingConstructorAccessorImpl.java:45)&#13;&#10;&#9;at java.lang.reflect.Constructor.newInstance(Constructor.java:423)&#13;&#10;&#9;at org.openqa.selenium.remote.ErrorHandler.createThrowable(ErrorHandler.java:206)&#13;&#10;&#9;at org.openqa.selenium.remote.ErrorHandler.throwIfResponseFailed(ErrorHandler.java:158)&#13;&#10;&#9;at org.openqa.selenium.remote.RemoteWebDriver.execute(RemoteWebDriver.java:678)&#13;&#10;&#9;at org.openqa.selenium.remote.RemoteWebDriver.findElement(RemoteWebDriver.java:363)&#13;&#10;&#9;at org.openqa.selenium.remote.RemoteWebDriver.findElementByXPath(RemoteWebDriver.java:500)&#13;&#10;&#9;at org.openqa.selenium.By$ByXPath.findElement(By.java:361)&#13;&#10;&#9;at org.openqa.selenium.remote.RemoteWebDriver.findElement(RemoteWebDriver.java:355)&#13;&#10;&#9;at org.openqa.selenium.support.pagefactory.DefaultElementLocator.findElement(DefaultElementLocator.java:69)&#13;&#10;&#9;at org.openqa.selenium.support.pagefactory.internal.LocatingElementHandler.invoke(LocatingElementHandler.java:38)&#13;&#10;&#9;at com.sun.proxy.$Proxy18.click(Unknown Source)&#13;&#10;&#9;at com.dca.objects.User_Page.setAdd_Btn(User_Page.java:79)&#13;&#10;&#9;at com.dca.stepDefinitions.User_Test.click_on_Add_button_to_create_new_user(User_Test.java:66)&#13;&#10;&#9;at âœ½.And Click on Add+ button to create new user((2)User.feature:36)&#13;&#10;"><![CDATA[Given Application user is on  search user page..............................passed
And Click on Add+ button to create new user.................................failed
Then Create user page appears...............................................skipped
And Enter the "Test User2","Demo","Japan","Test User Address2","Chennai"and"600028" of Address Tab.skipped
And Select "Email Address" with contact "test2@mail.com" of Contact Tab.....skipped
And Enter "Agent Test" and select the "Dca Installer" of Roles Tab..........skipped
Then Click on Save Button...................................................skipped
And Validate the created user in the backend................................skipped

StackTrace:
org.openqa.selenium.NoSuchElementException: no such element: Unable to locate element: {"method":"xpath","selector":"//translate[text()='Add']"}
  (Session info: chrome=54.0.2840.99)
  (Driver info: chromedriver=2.24.417431 (9aea000394714d2fbb20850021f6204f2256b9cf),platform=Windows NT 6.1.7601 SP1 x86_64) (WARNING: The server did not provide any stacktrace information)
Command duration or timeout: 30.03 seconds
For documentation on this error, please visit: http://seleniumhq.org/exceptions/no_such_element.html
Build info: version: '2.53.1', revision: 'a36b8b1cd5757287168e54b817830adce9b0158d', time: '2016-06-30 19:26:09'
System info: host: 'BLRW3003539', ip: '10.205.51.164', os.name: 'Windows 7', os.arch: 'amd64', os.version: '6.1', java.version: '1.8.0_77'
Driver info: org.openqa.selenium.chrome.ChromeDriver
Capabilities [{applicationCacheEnabled=false, rotatable=false, mobileEmulationEnabled=false, networkConnectionEnabled=false, chrome={chromedriverVersion=2.24.417431 (9aea000394714d2fbb20850021f6204f2256b9cf), userDataDir=C:\Users\ICHOWD~1\AppData\Local\Temp\scoped_dir8404_11784}, takesHeapSnapshot=true, pageLoadStrategy=normal, databaseEnabled=false, handlesAlerts=true, hasTouchScreen=false, version=54.0.2840.99, platform=XP, browserConnectionEnabled=false, nativeEvents=true, acceptSslCerts=true, locationContextEnabled=true, webStorageEnabled=true, browserName=chrome, takesScreenshot=true, javascriptEnabled=true, cssSelectorsEnabled=true}]
Session ID: ec508a0e82349a98344a1be97eed8602
*** Element info: {Using=xpath, value=//translate[text()='Add']}
	at sun.reflect.NativeConstructorAccessorImpl.newInstance0(Native Method)
	at sun.reflect.NativeConstructorAccessorImpl.newInstance(NativeConstructorAccessorImpl.java:62)
	at sun.reflect.DelegatingConstructorAccessorImpl.newInstance(DelegatingConstructorAccessorImpl.java:45)
	at java.lang.reflect.Constructor.newInstance(Constructor.java:423)
	at org.openqa.selenium.remote.ErrorHandler.createThrowable(ErrorHandler.java:206)
	at org.openqa.selenium.remote.ErrorHandler.throwIfResponseFailed(ErrorHandler.java:158)
	at org.openqa.selenium.remote.RemoteWebDriver.execute(RemoteWebDriver.java:678)
	at org.openqa.selenium.remote.RemoteWebDriver.findElement(RemoteWebDriver.java:363)
	at org.openqa.selenium.remote.RemoteWebDriver.findElementByXPath(RemoteWebDriver.java:500)
	at org.openqa.selenium.By$ByXPath.findElement(By.java:361)
	at org.openqa.selenium.remote.RemoteWebDriver.findElement(RemoteWebDriver.java:355)
	at org.openqa.selenium.support.pagefactory.DefaultElementLocator.findElement(DefaultElementLocator.java:69)
	at org.openqa.selenium.support.pagefactory.internal.LocatingElementHandler.invoke(LocatingElementHandler.java:38)
	at com.sun.proxy.$Proxy18.click(Unknown Source)
	at com.dca.objects.User_Page.setAdd_Btn(User_Page.java:79)
	at com.dca.stepDefinitions.User_Test.click_on_Add_button_to_create_new_user(User_Test.java:66)
	at âœ½.And Click on Add+ button to create new user((2)User.feature:36)
]]></failure>
</testcase>
<testcase classname="User search validation and creating a new user" name="Create user and validate with Database that user got created 3" time="30.044298">
<failure message="org.openqa.selenium.NoSuchElementException: no such element: Unable to locate element: {&quot;method&quot;:&quot;xpath&quot;,&quot;selector&quot;:&quot;//translate[text()='Add']&quot;}&#10;  (Session info: chrome=54.0.2840.99)&#10;  (Driver info: chromedriver=2.24.417431 (9aea000394714d2fbb20850021f6204f2256b9cf),platform=Windows NT 6.1.7601 SP1 x86_64) (WARNING: The server did not provide any stacktrace information)&#10;Command duration or timeout: 30.04 seconds&#10;For documentation on this error, please visit: http://seleniumhq.org/exceptions/no_such_element.html&#10;Build info: version: '2.53.1', revision: 'a36b8b1cd5757287168e54b817830adce9b0158d', time: '2016-06-30 19:26:09'&#10;System info: host: 'BLRW3003539', ip: '10.205.51.164', os.name: 'Windows 7', os.arch: 'amd64', os.version: '6.1', java.version: '1.8.0_77'&#10;Driver info: org.openqa.selenium.chrome.ChromeDriver&#10;Capabilities [{applicationCacheEnabled=false, rotatable=false, mobileEmulationEnabled=false, networkConnectionEnabled=false, chrome={chromedriverVersion=2.24.417431 (9aea000394714d2fbb20850021f6204f2256b9cf), userDataDir=C:\Users\ICHOWD~1\AppData\Local\Temp\scoped_dir8404_11784}, takesHeapSnapshot=true, pageLoadStrategy=normal, databaseEnabled=false, handlesAlerts=true, hasTouchScreen=false, version=54.0.2840.99, platform=XP, browserConnectionEnabled=false, nativeEvents=true, acceptSslCerts=true, locationContextEnabled=true, webStorageEnabled=true, browserName=chrome, takesScreenshot=true, javascriptEnabled=true, cssSelectorsEnabled=true}]&#10;Session ID: ec508a0e82349a98344a1be97eed8602&#10;*** Element info: {Using=xpath, value=//translate[text()='Add']}&#13;&#10;&#9;at sun.reflect.NativeConstructorAccessorImpl.newInstance0(Native Method)&#13;&#10;&#9;at sun.reflect.NativeConstructorAccessorImpl.newInstance(NativeConstructorAccessorImpl.java:62)&#13;&#10;&#9;at sun.reflect.DelegatingConstructorAccessorImpl.newInstance(DelegatingConstructorAccessorImpl.java:45)&#13;&#10;&#9;at java.lang.reflect.Constructor.newInstance(Constructor.java:423)&#13;&#10;&#9;at org.openqa.selenium.remote.ErrorHandler.createThrowable(ErrorHandler.java:206)&#13;&#10;&#9;at org.openqa.selenium.remote.ErrorHandler.throwIfResponseFailed(ErrorHandler.java:158)&#13;&#10;&#9;at org.openqa.selenium.remote.RemoteWebDriver.execute(RemoteWebDriver.java:678)&#13;&#10;&#9;at org.openqa.selenium.remote.RemoteWebDriver.findElement(RemoteWebDriver.java:363)&#13;&#10;&#9;at org.openqa.selenium.remote.RemoteWebDriver.findElementByXPath(RemoteWebDriver.java:500)&#13;&#10;&#9;at org.openqa.selenium.By$ByXPath.findElement(By.java:361)&#13;&#10;&#9;at org.openqa.selenium.remote.RemoteWebDriver.findElement(RemoteWebDriver.java:355)&#13;&#10;&#9;at org.openqa.selenium.support.pagefactory.DefaultElementLocator.findElement(DefaultElementLocator.java:69)&#13;&#10;&#9;at org.openqa.selenium.support.pagefactory.internal.LocatingElementHandler.invoke(LocatingElementHandler.java:38)&#13;&#10;&#9;at com.sun.proxy.$Proxy18.click(Unknown Source)&#13;&#10;&#9;at com.dca.objects.User_Page.setAdd_Btn(User_Page.java:79)&#13;&#10;&#9;at com.dca.stepDefinitions.User_Test.click_on_Add_button_to_create_new_user(User_Test.java:66)&#13;&#10;&#9;at âœ½.And Click on Add+ button to create new user((2)User.feature:36)&#13;&#10;"><![CDATA[Given Application user is on  search user page..............................passed
And Click on Add+ button to create new user.................................failed
Then Create user page appears...............................................skipped
And Enter the "Test User3","Demo","Ireland","Test User Address3","Mysore"and"568746" of Address Tab.skipped
And Select "Email Address" with contact "test3@mail.com" of Contact Tab.....skipped
And Enter "IMSTest" and select the "Business Contact" of Roles Tab..........skipped
Then Click on Save Button...................................................skipped
And Validate the created user in the backend................................skipped

StackTrace:
org.openqa.selenium.NoSuchElementException: no such element: Unable to locate element: {"method":"xpath","selector":"//translate[text()='Add']"}
  (Session info: chrome=54.0.2840.99)
  (Driver info: chromedriver=2.24.417431 (9aea000394714d2fbb20850021f6204f2256b9cf),platform=Windows NT 6.1.7601 SP1 x86_64) (WARNING: The server did not provide any stacktrace information)
Command duration or timeout: 30.04 seconds
For documentation on this error, please visit: http://seleniumhq.org/exceptions/no_such_element.html
Build info: version: '2.53.1', revision: 'a36b8b1cd5757287168e54b817830adce9b0158d', time: '2016-06-30 19:26:09'
System info: host: 'BLRW3003539', ip: '10.205.51.164', os.name: 'Windows 7', os.arch: 'amd64', os.version: '6.1', java.version: '1.8.0_77'
Driver info: org.openqa.selenium.chrome.ChromeDriver
Capabilities [{applicationCacheEnabled=false, rotatable=false, mobileEmulationEnabled=false, networkConnectionEnabled=false, chrome={chromedriverVersion=2.24.417431 (9aea000394714d2fbb20850021f6204f2256b9cf), userDataDir=C:\Users\ICHOWD~1\AppData\Local\Temp\scoped_dir8404_11784}, takesHeapSnapshot=true, pageLoadStrategy=normal, databaseEnabled=false, handlesAlerts=true, hasTouchScreen=false, version=54.0.2840.99, platform=XP, browserConnectionEnabled=false, nativeEvents=true, acceptSslCerts=true, locationContextEnabled=true, webStorageEnabled=true, browserName=chrome, takesScreenshot=true, javascriptEnabled=true, cssSelectorsEnabled=true}]
Session ID: ec508a0e82349a98344a1be97eed8602
*** Element info: {Using=xpath, value=//translate[text()='Add']}
	at sun.reflect.NativeConstructorAccessorImpl.newInstance0(Native Method)
	at sun.reflect.NativeConstructorAccessorImpl.newInstance(NativeConstructorAccessorImpl.java:62)
	at sun.reflect.DelegatingConstructorAccessorImpl.newInstance(DelegatingConstructorAccessorImpl.java:45)
	at java.lang.reflect.Constructor.newInstance(Constructor.java:423)
	at org.openqa.selenium.remote.ErrorHandler.createThrowable(ErrorHandler.java:206)
	at org.openqa.selenium.remote.ErrorHandler.throwIfResponseFailed(ErrorHandler.java:158)
	at org.openqa.selenium.remote.RemoteWebDriver.execute(RemoteWebDriver.java:678)
	at org.openqa.selenium.remote.RemoteWebDriver.findElement(RemoteWebDriver.java:363)
	at org.openqa.selenium.remote.RemoteWebDriver.findElementByXPath(RemoteWebDriver.java:500)
	at org.openqa.selenium.By$ByXPath.findElement(By.java:361)
	at org.openqa.selenium.remote.RemoteWebDriver.findElement(RemoteWebDriver.java:355)
	at org.openqa.selenium.support.pagefactory.DefaultElementLocator.findElement(DefaultElementLocator.java:69)
	at org.openqa.selenium.support.pagefactory.internal.LocatingElementHandler.invoke(LocatingElementHandler.java:38)
	at com.sun.proxy.$Proxy18.click(Unknown Source)
	at com.dca.objects.User_Page.setAdd_Btn(User_Page.java:79)
	at com.dca.stepDefinitions.User_Test.click_on_Add_button_to_create_new_user(User_Test.java:66)
	at âœ½.And Click on Add+ button to create new user((2)User.feature:36)
]]></failure>
</testcase>
<testcase classname="Organisation search validation and creating a new Organisation" name="Verifying User Login with Valid Credentials" time="6.027653">
<system-out><![CDATA[Given User Navigates to IMSHealth Login Page................................passed
When User Enters valid username and password................................passed
And Click sign-in...........................................................passed
Then Home page should be displayed..........................................passed
]]></system-out>
</testcase>
<testcase classname="Organisation search validation and creating a new Organisation" name="Application  should be able to navigate to Search Organisation Page" time="3.578298">
<system-out><![CDATA[Given User Navigates to Manage Panel........................................passed
And Click on Organisation link..............................................passed
Then Organisation search screen should be displayed.........................passed
]]></system-out>
</testcase>
<testcase classname="Organisation search validation and creating a new Organisation" name="Application  should be able to Search Org" time="2.361738">
<system-out><![CDATA[Given Application user is on search Organisation page.......................passed
When Select "Ireland" from the Country drop down............................passed
And Click search button.....................................................passed
Then Search results should be displayed.....................................passed
And Validate search results are from the selected country from the search results.passed
]]></system-out>
</testcase>
<testcase classname="Organisation search validation and creating a new Organisation" name="Application  should be able to Search Org 2" time="2.297096">
<system-out><![CDATA[Given Application user is on search Organisation page.......................passed
When Select "Japan" from the Country drop down..............................passed
And Click search button.....................................................passed
Then Search results should be displayed.....................................passed
And Validate search results are from the selected country from the search results.passed
]]></system-out>
</testcase>
<testcase classname="Organisation search validation and creating a new Organisation" name="Creating a new organisation by adding basic details" time="13.917382">
<failure message="java.lang.ClassNotFoundException: oracle.jdbc.driver.OracleDriver&#13;&#10;&#9;at java.net.URLClassLoader.findClass(URLClassLoader.java:381)&#13;&#10;&#9;at java.lang.ClassLoader.loadClass(ClassLoader.java:424)&#13;&#10;&#9;at sun.misc.Launcher$AppClassLoader.loadClass(Launcher.java:331)&#13;&#10;&#9;at java.lang.ClassLoader.loadClass(ClassLoader.java:357)&#13;&#10;&#9;at java.lang.Class.forName0(Native Method)&#13;&#10;&#9;at java.lang.Class.forName(Class.java:264)&#13;&#10;&#9;at com.dca.objects.Organisation_Page.Oracle_Org_Validation(Organisation_Page.java:275)&#13;&#10;&#9;at com.dca.stepDefinitions.Organisation_Test.validate_the_created_user_in_the_backend_for_newly_created_Organisation(Organisation_Test.java:147)&#13;&#10;&#9;at âœ½.And Validate the created organisation in the backend for newly created Organisation((3)Organisation.feature:55)&#13;&#10;"><![CDATA[Given Application User is on the Organisation page..........................passed
And Click on Add+ button to create new organisation.........................passed
Then User selects "Ims Health"..............................................passed
And user types in the "Test Organisation -1"................................passed
And selects the "Active" dropdown...........................................passed
When user selects the Contact Details tab...................................passed
Then user clicks the Add Contact Details button.............................passed
And user selects the "Email Address" dropdown...............................passed
And user adds a "test1@mail.com"............................................passed
And click the add button....................................................passed
Then user select an "Test Identifier-1" and enter the value.................passed
When User navigate to Address tab...........................................passed
And Click Add address button................................................passed
And user select "India".....................................................passed
And enter "Test Address-1","Bangalore" and "564231".........................passed
And Select "Active".........................................................passed
And Check Primary Address checkbox..........................................passed
And click Add button........................................................passed
Then Save organization......................................................passed
And Validate the created organisation in the backend for newly created Organisation.failed

StackTrace:
java.lang.ClassNotFoundException: oracle.jdbc.driver.OracleDriver
	at java.net.URLClassLoader.findClass(URLClassLoader.java:381)
	at java.lang.ClassLoader.loadClass(ClassLoader.java:424)
	at sun.misc.Launcher$AppClassLoader.loadClass(Launcher.java:331)
	at java.lang.ClassLoader.loadClass(ClassLoader.java:357)
	at java.lang.Class.forName0(Native Method)
	at java.lang.Class.forName(Class.java:264)
	at com.dca.objects.Organisation_Page.Oracle_Org_Validation(Organisation_Page.java:275)
	at com.dca.stepDefinitions.Organisation_Test.validate_the_created_user_in_the_backend_for_newly_created_Organisation(Organisation_Test.java:147)
	at âœ½.And Validate the created organisation in the backend for newly created Organisation((3)Organisation.feature:55)
]]></failure>
</testcase>
<testcase classname="Organisation search validation and creating a new Organisation" name="Creating a new organisation by adding basic details 2" time="12.650566">
<failure message="java.lang.ClassNotFoundException: oracle.jdbc.driver.OracleDriver&#13;&#10;&#9;at java.net.URLClassLoader.findClass(URLClassLoader.java:381)&#13;&#10;&#9;at java.lang.ClassLoader.loadClass(ClassLoader.java:424)&#13;&#10;&#9;at sun.misc.Launcher$AppClassLoader.loadClass(Launcher.java:331)&#13;&#10;&#9;at java.lang.ClassLoader.loadClass(ClassLoader.java:357)&#13;&#10;&#9;at java.lang.Class.forName0(Native Method)&#13;&#10;&#9;at java.lang.Class.forName(Class.java:264)&#13;&#10;&#9;at com.dca.objects.Organisation_Page.Oracle_Org_Validation(Organisation_Page.java:275)&#13;&#10;&#9;at com.dca.stepDefinitions.Organisation_Test.validate_the_created_user_in_the_backend_for_newly_created_Organisation(Organisation_Test.java:147)&#13;&#10;&#9;at âœ½.And Validate the created organisation in the backend for newly created Organisation((3)Organisation.feature:55)&#13;&#10;"><![CDATA[Given Application User is on the Organisation page..........................passed
And Click on Add+ button to create new organisation.........................passed
Then User selects "Gp Clinic"...............................................passed
And user types in the "Test Organisation -2"................................passed
And selects the "Active" dropdown...........................................passed
When user selects the Contact Details tab...................................passed
Then user clicks the Add Contact Details button.............................passed
And user selects the "Email Address" dropdown...............................passed
And user adds a "test2@mail.com"............................................passed
And click the add button....................................................passed
Then user select an "Test Identifier-2" and enter the value.................passed
When User navigate to Address tab...........................................passed
And Click Add address button................................................passed
And user select "Japan".....................................................passed
And enter "Test Address-2","Tokyo" and "600028".............................passed
And Select "Active".........................................................passed
And Check Primary Address checkbox..........................................passed
And click Add button........................................................passed
Then Save organization......................................................passed
And Validate the created organisation in the backend for newly created Organisation.failed

StackTrace:
java.lang.ClassNotFoundException: oracle.jdbc.driver.OracleDriver
	at java.net.URLClassLoader.findClass(URLClassLoader.java:381)
	at java.lang.ClassLoader.loadClass(ClassLoader.java:424)
	at sun.misc.Launcher$AppClassLoader.loadClass(Launcher.java:331)
	at java.lang.ClassLoader.loadClass(ClassLoader.java:357)
	at java.lang.Class.forName0(Native Method)
	at java.lang.Class.forName(Class.java:264)
	at com.dca.objects.Organisation_Page.Oracle_Org_Validation(Organisation_Page.java:275)
	at com.dca.stepDefinitions.Organisation_Test.validate_the_created_user_in_the_backend_for_newly_created_Organisation(Organisation_Test.java:147)
	at âœ½.And Validate the created organisation in the backend for newly created Organisation((3)Organisation.feature:55)
]]></failure>
</testcase>
<testcase classname="Organisation search validation and creating a new Organisation" name="Modify the newly created organisation" time="37.746475">
<failure message="org.openqa.selenium.NoSuchElementException: no such element: Unable to locate element: {&quot;method&quot;:&quot;name&quot;,&quot;selector&quot;:&quot;dataOwner&quot;}&#10;  (Session info: chrome=54.0.2840.99)&#10;  (Driver info: chromedriver=2.24.417431 (9aea000394714d2fbb20850021f6204f2256b9cf),platform=Windows NT 6.1.7601 SP1 x86_64) (WARNING: The server did not provide any stacktrace information)&#10;Command duration or timeout: 30.06 seconds&#10;For documentation on this error, please visit: http://seleniumhq.org/exceptions/no_such_element.html&#10;Build info: version: '2.53.1', revision: 'a36b8b1cd5757287168e54b817830adce9b0158d', time: '2016-06-30 19:26:09'&#10;System info: host: 'BLRW3003539', ip: '10.205.51.164', os.name: 'Windows 7', os.arch: 'amd64', os.version: '6.1', java.version: '1.8.0_77'&#10;Driver info: org.openqa.selenium.chrome.ChromeDriver&#10;Capabilities [{applicationCacheEnabled=false, rotatable=false, mobileEmulationEnabled=false, networkConnectionEnabled=false, chrome={chromedriverVersion=2.24.417431 (9aea000394714d2fbb20850021f6204f2256b9cf), userDataDir=C:\Users\ICHOWD~1\AppData\Local\Temp\scoped_dir8404_11784}, takesHeapSnapshot=true, pageLoadStrategy=normal, databaseEnabled=false, handlesAlerts=true, hasTouchScreen=false, version=54.0.2840.99, platform=XP, browserConnectionEnabled=false, nativeEvents=true, acceptSslCerts=true, locationContextEnabled=true, webStorageEnabled=true, browserName=chrome, takesScreenshot=true, javascriptEnabled=true, cssSelectorsEnabled=true}]&#10;Session ID: ec508a0e82349a98344a1be97eed8602&#10;*** Element info: {Using=name, value=dataOwner}&#13;&#10;&#9;at sun.reflect.NativeConstructorAccessorImpl.newInstance0(Native Method)&#13;&#10;&#9;at sun.reflect.NativeConstructorAccessorImpl.newInstance(NativeConstructorAccessorImpl.java:62)&#13;&#10;&#9;at sun.reflect.DelegatingConstructorAccessorImpl.newInstance(DelegatingConstructorAccessorImpl.java:45)&#13;&#10;&#9;at java.lang.reflect.Constructor.newInstance(Constructor.java:423)&#13;&#10;&#9;at org.openqa.selenium.remote.ErrorHandler.createThrowable(ErrorHandler.java:206)&#13;&#10;&#9;at org.openqa.selenium.remote.ErrorHandler.throwIfResponseFailed(ErrorHandler.java:158)&#13;&#10;&#9;at org.openqa.selenium.remote.RemoteWebDriver.execute(RemoteWebDriver.java:678)&#13;&#10;&#9;at org.openqa.selenium.remote.RemoteWebDriver.findElement(RemoteWebDriver.java:363)&#13;&#10;&#9;at org.openqa.selenium.remote.RemoteWebDriver.findElementByName(RemoteWebDriver.java:461)&#13;&#10;&#9;at org.openqa.selenium.By$ByName.findElement(By.java:303)&#13;&#10;&#9;at org.openqa.selenium.remote.RemoteWebDriver.findElement(RemoteWebDriver.java:355)&#13;&#10;&#9;at org.openqa.selenium.support.pagefactory.DefaultElementLocator.findElement(DefaultElementLocator.java:69)&#13;&#10;&#9;at org.openqa.selenium.support.pagefactory.internal.LocatingElementHandler.invoke(LocatingElementHandler.java:38)&#13;&#10;&#9;at com.sun.proxy.$Proxy18.sendKeys(Unknown Source)&#13;&#10;&#9;at com.dca.objects.DataTransfer_Page.setDataOwnerBox(DataTransfer_Page.java:188)&#13;&#10;&#9;at com.dca.stepDefinitions.DataTransfer_Test.user_types_in_data_owner_name_and_select_one_of_the_suggestion(DataTransfer_Test.java:99)&#13;&#10;&#9;at âœ½.Then user types &quot;Mahendra&quot; in data owner name and select one of the suggestion((3)Organisation.feature:82)&#13;&#10;"><![CDATA[Given User is on Search Organization page...................................passed
And user select Modify option from Action...................................passed
Then Modify Org Page should display.........................................passed
Given user selects the Data Transfer tab....................................passed
Then select "Claims" and "ACTIVE" from the dropdown.........................passed
And Click on Add button.....................................................passed
Then Selected data domain and Panel Status should be displayed in table.....passed
Given user is able to see newly created domain and Panel status in the table.passed
Then select "Claims - ACTIVE" from the dropdown.............................passed
And select "Patient"........................................................passed
Then click start configuration button.......................................passed
Then Organization / Add Data Transfer Configuration page should be displayed.passed
Given User is on Organization / Add Data Transfer Configuration page General setting page.passed
And Data Domain ,Panel status and Data type fields are prepopulated.........passed
Then user types "Mahendra" in data owner name and select one of the suggestion.failed
And select "Direct" and "To IMS" from the drop down.........................skipped
And select "2016-11-03" from the Transfer schedule text box.................skipped
And select schedule from the "Daily" drop down..............................skipped
Given user is able to navigate to File transfer details tab.................skipped
Then select "File transfer" and "Email" from the respective dropdowns.......skipped
Then FTP account drop down should have create new account options...........skipped
And select a FTP Host Provider value from "IMS DCP" drop down...............skipped
And select a Data Transfer Software value from "Data collection agent" type dropdown.skipped
And select a MFT Domain value from "Carlstadt GDC Internal" dropdown........skipped
And select a MFT Country value from "Internal Test" dropdown................skipped
And select a MFT Workflow value from "_nopflowXT" drop down.................skipped
Then validate File transfer host name preopulated as mft.imshealth.com......skipped
And select a FTP Type value from "FTP" drop down............................skipped
And validate * Input directory path prepopulated as /in.....................skipped
And validate Output directory path prepopulated as /out.....................skipped
And Click on Alternate Transfer method â€“Email...............................skipped
Then enter "test1@mail.com" in email address text filed.....................skipped
And enter again "test1@mail.com" in email address confirmation field........skipped
Given user is able to navigate to File Specification tab....................skipped
And select a Specification Template value from "Global SIN INV IND" dropdown.skipped
And Check File encryption check box.........................................skipped
And select a Encrypted value from "IMS DCP" drop down.......................skipped
Then Generate Encryption keypair check box should be displayed..............skipped
Given user is able to navigate to Activation Details tab....................skipped
Then select Activate Immediate check box....................................skipped
And uncheck no end date check box...........................................skipped
Then enter the "2016-11-18".................................................skipped
And click on Save button....................................................skipped
Then data transfer successfully created message should be displayed and user navigate to modify org page..skipped
Given user is on Modify org page............................................skipped
And click on Data Transfer tab..............................................skipped
Then list of data transfer should be displayed and status as Active.........skipped

StackTrace:
org.openqa.selenium.NoSuchElementException: no such element: Unable to locate element: {"method":"name","selector":"dataOwner"}
  (Session info: chrome=54.0.2840.99)
  (Driver info: chromedriver=2.24.417431 (9aea000394714d2fbb20850021f6204f2256b9cf),platform=Windows NT 6.1.7601 SP1 x86_64) (WARNING: The server did not provide any stacktrace information)
Command duration or timeout: 30.06 seconds
For documentation on this error, please visit: http://seleniumhq.org/exceptions/no_such_element.html
Build info: version: '2.53.1', revision: 'a36b8b1cd5757287168e54b817830adce9b0158d', time: '2016-06-30 19:26:09'
System info: host: 'BLRW3003539', ip: '10.205.51.164', os.name: 'Windows 7', os.arch: 'amd64', os.version: '6.1', java.version: '1.8.0_77'
Driver info: org.openqa.selenium.chrome.ChromeDriver
Capabilities [{applicationCacheEnabled=false, rotatable=false, mobileEmulationEnabled=false, networkConnectionEnabled=false, chrome={chromedriverVersion=2.24.417431 (9aea000394714d2fbb20850021f6204f2256b9cf), userDataDir=C:\Users\ICHOWD~1\AppData\Local\Temp\scoped_dir8404_11784}, takesHeapSnapshot=true, pageLoadStrategy=normal, databaseEnabled=false, handlesAlerts=true, hasTouchScreen=false, version=54.0.2840.99, platform=XP, browserConnectionEnabled=false, nativeEvents=true, acceptSslCerts=true, locationContextEnabled=true, webStorageEnabled=true, browserName=chrome, takesScreenshot=true, javascriptEnabled=true, cssSelectorsEnabled=true}]
Session ID: ec508a0e82349a98344a1be97eed8602
*** Element info: {Using=name, value=dataOwner}
	at sun.reflect.NativeConstructorAccessorImpl.newInstance0(Native Method)
	at sun.reflect.NativeConstructorAccessorImpl.newInstance(NativeConstructorAccessorImpl.java:62)
	at sun.reflect.DelegatingConstructorAccessorImpl.newInstance(DelegatingConstructorAccessorImpl.java:45)
	at java.lang.reflect.Constructor.newInstance(Constructor.java:423)
	at org.openqa.selenium.remote.ErrorHandler.createThrowable(ErrorHandler.java:206)
	at org.openqa.selenium.remote.ErrorHandler.throwIfResponseFailed(ErrorHandler.java:158)
	at org.openqa.selenium.remote.RemoteWebDriver.execute(RemoteWebDriver.java:678)
	at org.openqa.selenium.remote.RemoteWebDriver.findElement(RemoteWebDriver.java:363)
	at org.openqa.selenium.remote.RemoteWebDriver.findElementByName(RemoteWebDriver.java:461)
	at org.openqa.selenium.By$ByName.findElement(By.java:303)
	at org.openqa.selenium.remote.RemoteWebDriver.findElement(RemoteWebDriver.java:355)
	at org.openqa.selenium.support.pagefactory.DefaultElementLocator.findElement(DefaultElementLocator.java:69)
	at org.openqa.selenium.support.pagefactory.internal.LocatingElementHandler.invoke(LocatingElementHandler.java:38)
	at com.sun.proxy.$Proxy18.sendKeys(Unknown Source)
	at com.dca.objects.DataTransfer_Page.setDataOwnerBox(DataTransfer_Page.java:188)
	at com.dca.stepDefinitions.DataTransfer_Test.user_types_in_data_owner_name_and_select_one_of_the_suggestion(DataTransfer_Test.java:99)
	at âœ½.Then user types "Mahendra" in data owner name and select one of the suggestion((3)Organisation.feature:82)
]]></failure>
</testcase>
</testsuite>
